<?xml version="1.0" encoding="utf-8" standalone="no"?>
<!--This file represents the results of running a test suite-->
<test-results name="C:\Projects\ASP.NET-master\MVCDOTNET\MVCAppTests\bin\Debug\MVCAppTests.dll" total="1" errors="0" failures="0" not-run="0" inconclusive="0" ignored="0" skipped="0" invalid="0" date="2017-11-25" time="14:05:43">
  <environment nunit-version="3.5.0.0" clr-version="4.0.30319.42000" os-version="Microsoft Windows NT 10.0.10586.0" platform="Win32NT" cwd="c:\Projects\ASP.NET-master\MVCDOTNET\MVCApp" machine-name="IE11LTB81XTC2" user="H265456" user-domain="GLOBAL" />
  <culture-info current-culture="en-US" current-uiculture="en-US" />
  <test-suite type="Assembly" name="C:\Projects\ASP.NET-master\MVCDOTNET\MVCAppTests\bin\Debug\MVCAppTests.dll" executed="True" result="Success" success="True" time="0.103" asserts="0">
    <properties>
      <property name="_PID" value="111980" />
      <property name="_APPDOMAIN" value="domain-" />
    </properties>
    <results>
      <test-suite type="TestSuite" name="MVCApp" executed="True" result="Success" success="True" time="0.077" asserts="0">
        <results>
          <test-suite type="TestSuite" name="Controllers" executed="True" result="Success" success="True" time="0.075" asserts="0">
            <results>
              <test-suite type="TestSuite" name="Tests" executed="True" result="Success" success="True" time="0.075" asserts="0">
                <results>
                  <test-suite type="TestFixture" name="RegisterControllerTests" executed="True" result="Success" success="True" time="0.066" asserts="0">
                    <results>
                      <test-case name="MVCApp.Controllers.Tests.RegisterControllerTests.UserAddTest" executed="True" result="Success" success="True" time="0.050" asserts="0" />
                    </results>
                  </test-suite>
                </results>
              </test-suite>
            </results>
          </test-suite>
        </results>
      </test-suite>
    </results>
  </test-suite>
</test-results>