<?xml version="1.0" encoding="utf-8" standalone="no"?>
<!--This file represents the results of running a test suite-->
<test-results name="C:\Projects\ASP.NET-master\MVCDOTNET\MVCAppTests\obj\Debug\MVCAppTests.dll" total="1" errors="0" failures="0" not-run="0" inconclusive="0" ignored="0" skipped="0" invalid="0" date="2017-12-17" time="05:44:52">
  <environment nunit-version="3.5.0.0" clr-version="4.0.30319.42000" os-version="Microsoft Windows NT 10.0.10586.0" platform="Win32NT" cwd="C:\Projects\ASP.NET-master\MVCDOTNET\MVCAppTests" machine-name="IE11LTB81XTC2" user="H265456" user-domain="GLOBAL" />
  <culture-info current-culture="en-US" current-uiculture="en-US" />
  <test-suite type="Assembly" name="C:\Projects\ASP.NET-master\MVCDOTNET\MVCAppTests\obj\Debug\MVCAppTests.dll" executed="True" result="Failure" success="False" time="0.090" asserts="0">
    <properties>
      <property name="_PID" value="227132" />
      <property name="_APPDOMAIN" value="domain-" />
    </properties>
    <failure>
      <message><![CDATA[One or more child tests had errors]]></message>
      <stack-trace />
    </failure>
    <results>
      <test-suite type="TestSuite" name="MVCApp" executed="True" result="Success" success="True" time="0.067" asserts="0">
        <results>
          <test-suite type="TestSuite" name="Controllers" executed="True" result="Success" success="True" time="0.067" asserts="0">
            <results>
              <test-suite type="TestFixture" name="RegisterControllerTests" executed="True" result="Success" success="True" time="0.062" asserts="0">
                <results>
                  <test-case name="MVCApp.Controllers.RegisterControllerTests.UserAddTest" executed="True" result="Success" success="True" time="0.052" asserts="0" />
                </results>
              </test-suite>
            </results>
          </test-suite>
        </results>
      </test-suite>
      <test-suite type="TestSuite" name="MVCAppTests" executed="True" result="Failure" success="False" time="0.071" asserts="0">
        <failure>
          <message><![CDATA[One or more child tests had errors]]></message>
          <stack-trace />
        </failure>
        <results>
          <test-suite type="TestSuite" name="UITest" executed="True" result="Failure" success="False" time="0.071" asserts="0">
            <failure>
              <message><![CDATA[One or more child tests had errors]]></message>
              <stack-trace />
            </failure>
            <results>
              <test-suite type="TestSuite" name="TestCases" executed="True" result="Failure" success="False" time="0.071" asserts="0">
                <failure>
                  <message><![CDATA[One or more child tests had errors]]></message>
                  <stack-trace />
                </failure>
                <results>
                  <test-suite type="TestFixture" name="UITest(&quot;chrome&quot;,&quot;63&quot;,&quot;Windows 10&quot;)" executed="True" result="Success" success="True" time="0.000" asserts="0">
                    <results />
                  </test-suite>
                  <test-suite type="TestFixture" name="WUITest(&quot;chrome&quot;,&quot;63&quot;,&quot;Windows 7&quot;,&quot;&quot;,&quot;&quot;)" executed="True" result="Failure" success="False" time="0.001" asserts="0">
                    <properties>
                      <property name="_SKIPREASON" value="No suitable constructor was found" />
                    </properties>
                    <failure>
                      <message><![CDATA[No suitable constructor was found]]></message>
                      <stack-trace />
                    </failure>
                    <results />
                  </test-suite>
                </results>
              </test-suite>
            </results>
          </test-suite>
        </results>
      </test-suite>
    </results>
  </test-suite>
</test-results>